[niisku.lamk.fi/_deckplanner/js.js]
[niisku.lamk.fi/_deckplanner/lisatiedostot/resize.js]
[niisku.lamk.fi/_deckplanner/lisatiedostot/cookie.js]
[niisku.lamk.fi/_deckplanner/main.js]
[niisku.lamk.fi/_deckplanner/cookie.js]
[niisku.lamk.fi/_deckplanner/js/jspdf.min.js]
[niisku.lamk.fi/_deckplanner/js/html2canvas.min.js]
[code.jquery.com/ui/1.11.4/themes/smoothness/jquery-ui.css]
[niisku.lamk.fi/_deckplanner/js/bootstrap.min.js]
[backblue.gif]
[fade.gif]
[index.html]
[niisku.lamk.fi/_deckplanner/kuvat/kestopuu-logo.gif]
[code.jquery.com/jquery-1.10.2.js]
[niisku.lamk.fi/_deckplanner/kuvat/info.gif]
[niisku.lamk.fi/_deckplanner/kuvat/terassi.jpg]
[niisku.lamk.fi/_deckplanner/index.html]
[niisku.lamk.fi/_deckplanner/kuvat/background.png]
[code.jquery.com/ui/1.11.4/jquery-ui.js]
[niisku.lamk.fi/_deckplanner/main.css]
[niisku.lamk.fi/_deckplanner/css/bootstrap.min.css]
[code.jquery.com/ui/1.11.4/themes/smoothness/images/ui-bg_flat_75_ffffff_40x100.png]
[code.jquery.com/ui/1.11.4/themes/smoothness/images/ui-bg_highlight-soft_75_cccccc_1x100.png]
[code.jquery.com/ui/1.11.4/themes/smoothness/images/ui-bg_glass_75_e6e6e6_1x400.png]
[code.jquery.com/ui/1.11.4/themes/smoothness/images/ui-bg_glass_75_dadada_1x400.png]
[code.jquery.com/ui/1.11.4/themes/smoothness/images/ui-bg_glass_65_ffffff_1x400.png]
[code.jquery.com/ui/1.11.4/themes/smoothness/images/ui-bg_glass_55_fbf9ee_1x400.png]
[code.jquery.com/ui/1.11.4/themes/smoothness/images/ui-bg_glass_95_fef1ec_1x400.png]
[code.jquery.com/ui/1.11.4/themes/smoothness/images/ui-icons_222222_256x240.png]
[code.jquery.com/ui/1.11.4/themes/smoothness/images/ui-icons_888888_256x240.png]
[code.jquery.com/ui/1.11.4/themes/smoothness/images/ui-icons_454545_256x240.png]
[code.jquery.com/ui/1.11.4/themes/smoothness/images/ui-icons_2e83ff_256x240.png]
[code.jquery.com/ui/1.11.4/themes/smoothness/images/ui-icons_cd0a0a_256x240.png]
[code.jquery.com/ui/1.11.4/themes/smoothness/images/ui-bg_flat_0_aaaaaa_40x100.png]
[code.jquery.com/ui/1.11.4/themes/smoothness/jquery-ui.css]
[niisku.lamk.fi/_deckplanner/kuvat/suunta_pysty.png]
[niisku.lamk.fi/_deckplanner/kuvat/suunta_vaaka.png]
[niisku.lamk.fi/_deckplanner/lisatiedostot/boxes.css]
[niisku.lamk.fi/_deckplanner/lisatiedostot/valintaIkkunat.css]
[niisku.lamk.fi/_deckplanner/kuvat/logo_lauta2.svg]
[niisku.lamk.fi/_deckplanner/kuvat/logo_muoto2.svg]
[niisku.lamk.fi/_deckplanner/kuvat/logo_tarvike2.svg]
[niisku.lamk.fi/_deckplanner/kuvat/logo_exit.svg]
[niisku.lamk.fi/_deckplanner/kuvat/logo_hinta2.svg]
[niisku.lamk.fi/_deckplanner/kuvat/logo_print.svg]
[niisku.lamk.fi/_deckplanner/Terassisuunnitelma.html]
[niisku.lamk.fi/_deckplanner/fonts/glyphicons-halflings-regular.html]
[niisku.lamk.fi/_deckplanner/fonts/glyphicons-halflings-regulard41d.html]
[niisku.lamk.fi/_deckplanner/fonts/glyphicons-halflings-regular-2.html]
[niisku.lamk.fi/_deckplanner/fonts/glyphicons-halflings-regular-3.html]
[niisku.lamk.fi/_deckplanner/fonts/glyphicons-halflings-regular-4.html]
[niisku.lamk.fi/_deckplanner/fonts/glyphicons-halflings-regular-5.html]
